[show_window] start
[build_ui] start
[build_ui] root created
[build_ui] before populate_panel
[build_ui] after populate_panel
[build_ui] before reparent
[reparent] tk_hwnd=0xc12a7e, win_title='Impetus Geometry Preview [render]'
[reparent] GetWindowId() failed: 'vtkmodules.vtkRenderingOpenGL2.vtkWin32OpenGLRenderWindow' object has no attribute 'GetWindowId'
[reparent] GetWindowId returned 0/null, trying FindWindowW...
[reparent] FindWindowW found 0x1612dd2 at attempt 0
[reparent] embedding vtk_hwnd=0x1612dd2 into tk_hwnd=0xc12a7e
[reparent] SetParent returned old_parent=0x1000c
[reparent] old style=0x6cf0000
[reparent] embedding complete
[reparent] resize attempt: winfo w=1256 h=866
[reparent] VTK resized to 1256x866
[build_ui] after reparent
[stdin_reader] started
[on_timer] tick
[stdin_reader] read line: '{"cmd":"load","payload":{"file":"E:\\\\AI\\\\material_calibration\\\\Project1\\\\run8/main.k","objects":[{"keyword":"*COORDINATE_SYSTEM_CYLINDRICAL","scalars":[],"file":"E:\\\\AI\\\\material_calibration\\\\Project1\\\\run8/main.k","numbers":[1,0,0,0,1,0,0,0,1,0],"points":[[1,0,0],[1,0,0],[0,1,0]],"shape":"cylinder","block":{"lines":["  *COORDINATE_SYSTEM_CYLINDRICAL","  1, 0, 0, 0","  1, 0, 0, 0, 1, 0"],"end_row":168,"start_row":166}},{"keyword":"*TRANSFORM_MESH_CYLINDRICAL","scalars":[],"file":"E:\\\\AI\\\\material_calibration\\\\Project1\\\\run8/main.k","numbers":[1,123,1,0,0,2,1,1,0,0],"points":[[1,123,1],[2,1,1]],"shape":"cylinder","block":{"lines":["  *TRANSFORM_MESH_CYLINDRICAL","  1, PS, 123, 1, %cid+2, %cid+2, 0, 0 # Specimen","  2, P, 1, 1, %cid+3, %cid+3, 0, 0    # Trigger"],"end_row":171,"start_row":169}}],"cursor_row":214}}\n'
[stdin_reader] parsed cmd: load
[on_timer] tick
[on_timer] got cmd: load
[on_timer] load payload has 2 objects
[populate_panel] building items for GEOMETRY/Cylinder: 2 items
[populate_panel] done ˇŞ 2 objects, 2 rows
[on_timer] build_scene done
[on_timer] tick
[on_timer] tick
[on_timer] tick
[on_timer] tick
[on_timer] tick
[on_timer] tick
[on_timer] tick
[on_timer] tick
[on_timer] tick
[on_timer] tick
[on_timer] tick
[on_timer] tick
[on_timer] tick
[on_timer] tick
[on_timer] tick
[on_timer] tick
[on_timer] tick
[on_timer] tick
[on_timer] tick
[on_timer] tick
[on_timer] tick
[on_timer] tick
[on_timer] tick
[on_timer] tick
[on_timer] tick
[on_timer] tick
[on_timer] tick
[on_timer] tick
[on_timer] tick
[on_timer] tick
[on_timer] tick
[on_timer] tick
[on_timer] tick
[on_timer] tick
[on_timer] tick
[on_timer] tick
[on_timer] tick
[on_timer] tick
[on_timer] tick
[on_timer] tick
[on_timer] tick
[on_timer] tick
[on_timer] tick
[on_timer] tick
[on_timer] tick
[on_timer] tick
[on_timer] tick
[on_timer] tick
[on_timer] tick
[on_timer] tick
[on_timer] tick
[on_timer] tick
[on_timer] tick
[on_timer] tick
[on_timer] tick
[on_timer] tick
[on_timer] tick
[on_timer] tick
[on_timer] tick
[on_timer] tick
[on_timer] tick
[on_timer] tick
[on_timer] tick
[on_timer] tick
[on_timer] tick
[on_timer] tick
[on_timer] tick
[on_timer] tick
[on_timer] tick
[on_timer] tick
[on_timer] tick
[on_timer] tick
[on_timer] tick
[on_timer] tick
[on_timer] tick
[on_timer] tick
[on_timer] tick
[on_timer] tick
[on_timer] tick
[on_timer] tick
[on_timer] tick
[on_timer] tick
[on_timer] tick
[on_timer] tick
[on_timer] tick
[on_timer] tick
[on_timer] tick
[on_timer] tick
[on_timer] tick
[on_timer] tick
[on_timer] tick
[on_timer] tick
[on_timer] tick
[on_timer] tick
[on_timer] tick
[on_timer] tick
[on_timer] tick
[on_timer] tick
[on_timer] tick
[on_timer] tick
[on_timer] tick
[on_timer] tick
[on_timer] tick
[on_timer] tick
[on_timer] tick
[on_timer] tick
[on_timer] tick
[on_timer] tick
[on_timer] tick
[on_timer] tick
[on_timer] tick
[on_timer] tick
[on_timer] tick
[on_timer] tick
[on_timer] tick
[on_timer] tick
[on_timer] tick
[on_timer] tick
[on_timer] tick
[on_timer] tick
[on_timer] tick
[on_timer] tick
[on_timer] tick
[on_timer] tick
[on_timer] tick
[on_timer] tick
[on_timer] tick
[on_timer] tick
[on_timer] tick
[on_timer] tick
[on_timer] tick
[on_timer] tick
[on_timer] tick
[on_timer] tick
[on_timer] tick
[on_timer] tick
[on_timer] tick
[on_timer] tick
[on_timer] tick
[on_timer] tick
[on_timer] tick
[on_timer] tick
[on_timer] tick
[on_timer] tick
[on_timer] tick
[on_timer] tick
[on_timer] tick
[on_timer] tick
[on_timer] tick
[on_timer] tick
[on_timer] tick
[on_timer] tick
[on_timer] tick
[on_timer] tick
[on_timer] tick
[on_timer] tick
[on_timer] tick
[on_timer] tick
[on_timer] tick
[on_timer] tick
[on_timer] tick
[on_timer] tick
[on_timer] tick
[on_timer] tick
[on_timer] tick
[on_timer] tick
[on_timer] tick
[on_timer] tick
[on_timer] tick
[on_timer] tick
[on_timer] tick
[on_timer] tick
[on_timer] tick
[on_timer] tick
[on_timer] tick
[on_timer] tick
[on_timer] tick
[on_timer] tick
[on_timer] tick
[on_timer] tick
[on_timer] tick
[on_timer] tick
[on_timer] tick
[on_timer] tick
[on_timer] tick
[on_timer] tick
[on_timer] tick
[on_timer] tick
[on_timer] tick
[on_timer] tick
[on_timer] tick
[on_timer] tick
[on_timer] tick
[on_timer] tick
[on_timer] tick
[on_timer] tick
[on_timer] tick
[on_timer] tick
[on_timer] tick
[on_timer] tick
[on_timer] tick
[on_timer] tick
[on_timer] tick
[on_timer] tick
[on_timer] tick
[on_timer] tick
[on_timer] tick
[on_timer] tick
[on_timer] tick
[on_timer] tick
[on_timer] tick
[on_timer] tick
[on_timer] tick
[on_timer] tick
[on_timer] tick
[on_timer] tick
[on_timer] tick
[on_timer] tick
[on_timer] tick
[on_timer] tick
[on_timer] tick
[on_timer] tick
[on_timer] tick
[on_timer] tick
[on_timer] tick
[on_timer] tick
[on_timer] tick
[on_timer] tick
[on_timer] tick
[on_timer] tick
[on_timer] tick
[on_timer] tick
[on_timer] tick
[on_timer] tick
[on_timer] tick
[on_timer] tick
[on_timer] tick
[on_timer] tick
[on_timer] tick
[on_timer] tick
[on_timer] tick
[on_timer] tick
[on_timer] tick
[on_timer] tick
[on_timer] tick
[on_timer] tick
[on_timer] tick
[on_timer] tick
[on_timer] tick
[on_timer] tick
[on_timer] tick
[on_timer] tick
[on_timer] tick
[on_timer] tick
[on_timer] tick
[on_timer] tick
[on_timer] tick
[on_timer] tick
[on_timer] tick
[on_timer] tick
[on_timer] tick
[on_timer] tick
[on_timer] tick
[on_timer] tick
[on_timer] tick
[on_timer] tick
[on_timer] tick
[on_timer] tick
[on_timer] tick
[on_timer] tick
[on_timer] tick
[on_timer] tick
[on_timer] tick
[on_timer] tick
[on_timer] tick
[on_timer] tick
[on_timer] tick
[on_timer] tick
[on_timer] tick
[on_timer] tick
[on_timer] tick
[on_timer] tick
[on_timer] tick
[on_timer] tick
[on_timer] tick
[on_timer] tick
[on_timer] tick
[on_timer] tick
[on_timer] tick
[on_timer] tick
[on_timer] tick
[on_timer] tick
[on_timer] tick
[on_timer] tick
[on_timer] tick
[on_timer] tick
[on_timer] tick
[on_timer] tick
[on_timer] tick
[on_timer] tick
[on_timer] tick
[on_timer] tick
[on_timer] tick
[on_timer] tick
[on_timer] tick
[on_timer] tick
[on_timer] tick
[on_timer] tick
[on_timer] tick
[on_timer] tick
[on_timer] tick
[on_timer] tick
[on_timer] tick
[on_timer] tick
[on_timer] tick
[on_timer] tick
[on_timer] tick
[on_timer] tick
[on_timer] tick
[on_timer] tick
[on_timer] tick
[on_timer] tick
[on_timer] tick
[on_timer] tick
[on_timer] tick
[on_timer] tick
[on_timer] tick
[on_timer] tick
[on_timer] tick
[on_timer] tick
[on_timer] tick
[on_timer] tick
[on_timer] tick
[on_timer] tick
[on_timer] tick
[on_timer] tick
[on_timer] tick
[on_timer] tick
[on_timer] tick
[on_timer] tick
[on_timer] tick
[on_timer] tick
[on_timer] tick
[on_timer] tick
[on_timer] tick
[on_timer] tick
[on_timer] tick
[on_timer] tick
[on_timer] tick
[on_timer] tick
[on_timer] tick
[on_timer] tick
[on_timer] tick
[on_timer] tick
[on_timer] tick
[on_timer] tick
[on_timer] tick
[on_timer] tick
[on_timer] tick
[on_timer] tick
[on_timer] tick
[on_timer] tick
[on_timer] tick
[on_timer] tick
[on_timer] tick
[on_timer] tick
[on_timer] tick
[on_timer] tick
[on_timer] tick
[on_timer] tick
[on_timer] tick
[on_timer] tick
[on_timer] tick
[on_timer] tick
[on_timer] tick
[on_timer] tick
[on_timer] tick
[on_timer] tick
[on_timer] tick
[on_timer] tick
[on_timer] tick
[on_timer] tick
[on_timer] tick
[on_timer] tick
[on_timer] tick
[on_timer] tick
[on_timer] tick
[on_timer] tick
[on_timer] tick
[on_timer] tick
[on_timer] tick
[on_timer] tick
[on_timer] tick
[on_timer] tick
[on_timer] tick
[on_timer] tick
[on_timer] tick
[on_timer] tick
[on_timer] tick
[on_timer] tick
[on_timer] tick
[on_timer] tick
[on_timer] tick
[on_timer] tick
[on_timer] tick
[on_timer] tick
[on_timer] tick
[on_timer] tick
[on_timer] tick
[on_timer] tick
[on_timer] tick
[on_timer] tick
[on_timer] tick
[on_timer] tick
[on_timer] tick
[on_timer] tick
[on_timer] tick
[on_timer] tick
[on_timer] tick
[on_timer] tick
[on_timer] tick
[on_timer] tick
[on_timer] tick
[on_timer] tick
[on_timer] tick
[on_timer] tick
[on_timer] tick
[on_timer] tick
[on_timer] tick
[on_timer] tick
[on_timer] tick
[on_timer] tick
[on_timer] tick
[on_timer] tick
[on_timer] tick
[on_timer] tick
[on_timer] tick
[on_timer] tick
[on_timer] tick
[on_timer] tick
[on_timer] tick
[on_timer] tick
[on_timer] tick
[on_timer] tick
[on_timer] tick
[on_timer] tick
[on_timer] tick
[on_timer] tick
[on_timer] tick
[on_timer] tick
[on_timer] tick
[on_timer] tick
[on_timer] tick
[on_timer] tick
[on_timer] tick
[on_timer] tick
[on_timer] tick
[on_timer] tick
[on_timer] tick
[on_timer] tick
[on_timer] tick
[on_timer] tick
[on_timer] tick
[on_timer] tick
[on_timer] tick
[on_timer] tick
[on_timer] tick
[on_timer] tick
[on_timer] tick
[on_timer] tick
[on_timer] tick
[on_timer] tick
[on_timer] tick
[on_timer] tick
[on_timer] tick
[on_timer] tick
[on_timer] tick
[on_timer] tick
[on_timer] tick
[on_timer] tick
[on_timer] tick
[on_timer] tick
[on_timer] tick
[on_timer] tick
[on_timer] tick
[on_timer] tick
[on_timer] tick
[on_timer] tick
[on_timer] tick
[on_timer] tick
[on_timer] tick
[on_timer] tick
[on_timer] tick
[on_timer] tick
[on_timer] tick
[on_timer] tick
[on_timer] tick
[on_timer] tick
[on_timer] tick
[on_timer] tick
[on_timer] tick
[on_timer] tick
[on_timer] tick
[on_timer] tick
[on_timer] tick
[on_timer] tick
[on_timer] tick
[on_timer] tick
[on_timer] tick
[on_timer] tick
[on_timer] tick
[on_timer] tick
[on_timer] tick
[on_timer] tick
[on_timer] tick
[on_timer] tick
[on_timer] tick
[on_timer] tick
[on_timer] tick
[on_timer] tick
[on_timer] tick
[on_timer] tick
[on_timer] tick
[on_timer] tick
[on_timer] tick
[on_timer] tick
[on_timer] tick
[on_timer] tick
[on_timer] tick
[on_timer] tick
[on_timer] tick
[on_timer] tick
[on_timer] tick
[on_timer] tick
[on_timer] tick
[on_timer] tick
[on_timer] tick
[on_timer] tick
[on_timer] tick
[on_timer] tick
[on_timer] tick
[on_timer] tick
[on_timer] tick
[on_timer] tick
[on_timer] tick
[on_timer] tick
[on_timer] tick
[on_timer] tick
[on_timer] tick
[on_timer] tick
[on_timer] tick
[on_timer] tick
[on_timer] tick
[on_timer] tick
[on_timer] tick
[on_timer] tick
[on_timer] tick
[on_timer] tick
[on_timer] tick
[on_timer] tick
[on_timer] tick
[on_timer] tick
[on_timer] tick
[on_timer] tick
[on_timer] tick
[on_timer] tick
[on_timer] tick
[on_timer] tick
[on_timer] tick
[on_timer] tick
[on_timer] tick
[on_timer] tick
[on_timer] tick
[on_timer] tick
[on_timer] tick
[on_timer] tick
[on_timer] tick
[on_timer] tick
[on_timer] tick
[on_timer] tick
[on_timer] tick
[on_timer] tick
[on_timer] tick
[on_timer] tick
[on_timer] tick
[on_timer] tick
[on_timer] tick
[on_timer] tick
[on_timer] tick
[on_timer] tick
[on_timer] tick
[on_timer] tick
[on_timer] tick
[on_timer] tick
[on_timer] tick
[on_timer] tick
[on_timer] tick
[on_timer] tick
[on_timer] tick
[on_timer] tick
[on_timer] tick
[on_timer] tick
[on_timer] tick
[on_timer] tick
[on_timer] tick
[on_timer] tick
[on_timer] tick
[on_timer] tick
[on_timer] tick
[on_timer] tick
[on_timer] tick
[on_timer] tick
[on_timer] tick
[on_timer] tick
[on_timer] tick
[on_timer] tick
[on_timer] tick
[on_timer] tick
[on_timer] tick
[on_timer] tick
[on_timer] tick
[on_timer] tick
[on_timer] tick
[on_timer] tick
[on_timer] tick
[on_timer] tick
[on_timer] tick
[on_timer] tick
[on_timer] tick
[on_timer] tick
[on_timer] tick
[on_timer] tick
[on_timer] tick
[on_timer] tick
[on_timer] tick
[on_timer] tick
[on_timer] tick
[on_timer] tick
[on_timer] tick
[on_timer] tick
[on_timer] tick
[on_timer] tick
[on_timer] tick
[on_timer] tick
[on_timer] tick
[on_timer] tick
[on_timer] tick
[on_timer] tick
[on_timer] tick
[on_timer] tick
[on_timer] tick
[on_timer] tick
[on_timer] tick
[on_timer] tick
[on_timer] tick
[on_timer] tick
[on_timer] tick
[on_timer] tick
[on_timer] tick
[on_timer] tick
[on_timer] tick
[on_timer] tick
[on_timer] tick
[on_timer] tick
[on_timer] tick
[on_timer] tick
[on_timer] tick
[on_timer] tick
[on_timer] tick
[on_timer] tick
[on_timer] tick
[on_timer] tick
[on_timer] tick
[on_timer] tick
[on_timer] tick
[on_timer] tick
[on_timer] tick
[on_timer] tick
[on_timer] tick
[on_timer] tick
[on_timer] tick
[on_timer] tick
[on_timer] tick
[on_timer] tick
[on_timer] tick
[on_timer] tick
[on_timer] tick
[on_timer] tick
[on_timer] tick
[on_timer] tick
[on_timer] tick
[on_timer] tick
[on_timer] tick
[on_timer] tick
[on_timer] tick
[on_timer] tick
[on_timer] tick
[on_timer] tick
[on_timer] tick
[on_timer] tick
[on_timer] tick
[on_timer] tick
[on_timer] tick
[on_timer] tick
[on_timer] tick
[on_timer] tick
[on_timer] tick
[on_timer] tick
[on_timer] tick
[on_timer] tick
[on_timer] tick
[on_timer] tick
[on_timer] tick
[on_timer] tick
[on_timer] tick
[on_timer] tick
[on_timer] tick
[on_timer] tick
[on_timer] tick
[on_timer] tick
[on_timer] tick
[on_timer] tick
[on_timer] tick
[on_timer] tick
[on_timer] tick
[on_timer] tick
[on_timer] tick
[on_timer] tick
[on_timer] tick
[on_timer] tick
[on_timer] tick
[on_timer] tick
[on_timer] tick
[on_timer] tick
[on_timer] tick
[on_timer] tick
[on_timer] tick
[on_timer] tick
[on_timer] tick
[on_timer] tick
[on_timer] tick
[on_timer] tick
[on_timer] tick
[on_timer] tick
[on_timer] tick
[on_timer] tick
[on_timer] tick
[on_timer] tick
[on_timer] tick
[on_timer] tick
[on_timer] tick
[on_timer] tick
[on_timer] tick
[on_timer] tick
[on_timer] tick
[on_timer] tick
[on_timer] tick
[on_timer] tick
[on_timer] tick
[on_timer] tick
[on_timer] tick
[on_timer] tick
[on_timer] tick
[on_timer] tick
[on_timer] tick
[on_timer] tick
[on_timer] tick
[on_timer] tick
[on_timer] tick
[on_timer] tick
[on_timer] tick
[on_timer] tick
[on_timer] tick
[on_timer] tick
[on_timer] tick
[on_timer] tick
[on_timer] tick
[on_timer] tick
[on_timer] tick
[on_timer] tick
[on_timer] tick
[on_timer] tick
[on_timer] tick
[on_timer] tick
[on_timer] tick
[on_timer] tick
[on_timer] tick
[on_timer] tick
[on_timer] tick
[on_timer] tick
